<?xml version="1.0" encoding="UTF-8"?>
<testsuite xmlns:xsi="http://www.w3.org/2001/XMLSchema-instance" xsi:noNamespaceSchemaLocation="https://maven.apache.org/surefire/maven-surefire-plugin/xsd/surefire-test-report-3.0.xsd" version="3.0" name="com.web.SOAPAPIS.SoapapisApplicationTests" time="6.467" tests="1" errors="0" skipped="0" failures="0">
  <properties>
[...]
</properties>
  <testcase name="contextLoads" classname="com.web.SOAPAPIS.SoapapisApplicationTests" time="0.571">
    <system-out><![CDATA[19:20:00.589 [main] INFO org.springframework.test.context.support.AnnotationConfigContextLoaderUtils -- Could not detect default configuration classes for test class [com.web.SOAPAPIS.SoapapisApplicationTests]: SoapapisApplicationTests does not declare any static, non-private, non-final, nested classes annotated with @Configuration.
19:20:00.721 [main] INFO org.springframework.boot.test.context.SpringBootTestContextBootstrapper -- Found @SpringBootConfiguration com.web.SOAPAPIS.SoapapisApplication for test class com.web.SOAPAPIS.SoapapisApplicationTests

  .   ____          _            __ _ _
 /\\ / ___'_ __ _ _(_)_ __  __ _ \ \ \ \
( ( )\___ | '_ | '_| | '_ \/ _` | \ \ \ \
 \\/  ___)| |_)| | | | | || (_| |  ) ) ) )
  '  |____| .__|_| |_|_| |_\__, | / / / /
 =========|_|==============|___/=/_/_/_/
 :: Spring Boot ::                (v3.2.3)

2024-03-07T19:20:01.212+02:00  INFO 11760 --- [           main] c.web.SOAPAPIS.SoapapisApplicationTests  : Starting SoapapisApplicationTests using Java 21.0.1 with PID 11760 (started by Yousef Taher in C:\Users\Yousef Taher\Desktop\Yousef Files\SOAPAPIS)
2024-03-07T19:20:01.213+02:00  INFO 11760 --- [           main] c.web.SOAPAPIS.SoapapisApplicationTests  : No active profile set, falling back to 1 default profile: "default"
2024-03-07T19:20:02.027+02:00  INFO 11760 --- [           main] .s.d.r.c.RepositoryConfigurationDelegate : Bootstrapping Spring Data JPA repositories in DEFAULT mode.
2024-03-07T19:20:02.085+02:00  INFO 11760 --- [           main] .s.d.r.c.RepositoryConfigurationDelegate : Finished Spring Data repository scanning in 49 ms. Found 1 JPA repository interface.
2024-03-07T19:20:02.391+02:00  WARN 11760 --- [           main] trationDelegate$BeanPostProcessorChecker : Bean 'webServiceConfig' of type [com.web.SOAPAPIS.config.WebServiceConfig$$SpringCGLIB$$0] is not eligible for getting processed by all BeanPostProcessors (for example: not eligible for auto-proxying). Is this bean getting eagerly injected into a currently created BeanPostProcessor [annotationActionEndpointMapping]? Check the corresponding BeanPostProcessor declaration and its dependencies.
2024-03-07T19:20:02.392+02:00  WARN 11760 --- [           main] trationDelegate$BeanPostProcessorChecker : Bean 'org.springframework.ws.config.annotation.DelegatingWsConfiguration' of type [org.springframework.ws.config.annotation.DelegatingWsConfiguration$$SpringCGLIB$$0] is not eligible for getting processed by all BeanPostProcessors (for example: not eligible for auto-proxying). The currently created BeanPostProcessor [annotationActionEndpointMapping] is declared through a non-static factory method on that class; consider declaring it as static instead.
2024-03-07T19:20:02.424+02:00  INFO 11760 --- [           main] .w.s.a.s.AnnotationActionEndpointMapping : Supporting [WS-Addressing August 2004, WS-Addressing 1.0]
2024-03-07T19:20:02.782+02:00  INFO 11760 --- [           main] o.hibernate.jpa.internal.util.LogHelper  : HHH000204: Processing PersistenceUnitInfo [name: default]
2024-03-07T19:20:02.890+02:00  INFO 11760 --- [           main] org.hibernate.Version                    : HHH000412: Hibernate ORM core version 6.4.4.Final
2024-03-07T19:20:02.945+02:00  INFO 11760 --- [           main] o.h.c.internal.RegionFactoryInitiator    : HHH000026: Second-level cache disabled
2024-03-07T19:20:03.229+02:00  INFO 11760 --- [           main] o.s.o.j.p.SpringPersistenceUnitInfo      : No LoadTimeWeaver setup: ignoring JPA class transformer
2024-03-07T19:20:03.274+02:00  INFO 11760 --- [           main] com.zaxxer.hikari.HikariDataSource       : HikariPool-1 - Starting...
2024-03-07T19:20:03.478+02:00  INFO 11760 --- [           main] com.zaxxer.hikari.pool.HikariPool        : HikariPool-1 - Added connection org.postgresql.jdbc.PgConnection@506aa618
2024-03-07T19:20:03.480+02:00  INFO 11760 --- [           main] com.zaxxer.hikari.HikariDataSource       : HikariPool-1 - Start completed.
2024-03-07T19:20:03.527+02:00  WARN 11760 --- [           main] org.hibernate.orm.deprecation            : HHH90000025: PostgreSQLDialect does not need to be specified explicitly using 'hibernate.dialect' (remove the property setting and it will be selected by default)
2024-03-07T19:20:04.448+02:00  INFO 11760 --- [           main] o.h.e.t.j.p.i.JtaPlatformInitiator       : HHH000489: No JTA platform available (set 'hibernate.transaction.jta.platform' to enable JTA platform integration)
Hibernate: drop table if exists employee cascade
2024-03-07T19:20:04.470+02:00  WARN 11760 --- [           main] o.h.engine.jdbc.spi.SqlExceptionHelper   : SQL Warning Code: 0, SQLState: 00000
2024-03-07T19:20:04.470+02:00  WARN 11760 --- [           main] o.h.engine.jdbc.spi.SqlExceptionHelper   : table "employee" does not exist, skipping
Hibernate: drop sequence if exists employee_seq
2024-03-07T19:20:04.472+02:00  WARN 11760 --- [           main] o.h.engine.jdbc.spi.SqlExceptionHelper   : SQL Warning Code: 0, SQLState: 00000
2024-03-07T19:20:04.472+02:00  WARN 11760 --- [           main] o.h.engine.jdbc.spi.SqlExceptionHelper   : sequence "employee_seq" does not exist, skipping
Hibernate: create sequence employee_seq start with 1 increment by 50
Hibernate: create table employee (employee_id bigint not null, address varchar(255), department varchar(255), name varchar(255), phone varchar(255), primary key (employee_id))
2024-03-07T19:20:04.499+02:00  INFO 11760 --- [           main] j.LocalContainerEntityManagerFactoryBean : Initialized JPA EntityManagerFactory for persistence unit 'default'
2024-03-07T19:20:05.685+02:00  WARN 11760 --- [           main] JpaBaseConfiguration$JpaWebConfiguration : spring.jpa.open-in-view is enabled by default. Therefore, database queries may be performed during view rendering. Explicitly configure spring.jpa.open-in-view to disable this warning
2024-03-07T19:20:06.247+02:00  INFO 11760 --- [           main] c.web.SOAPAPIS.SoapapisApplicationTests  : Started SoapapisApplicationTests in 5.361 seconds (process running for 6.487)
]]></system-out>
    <system-err><![CDATA[WARNING: A Java agent has been loaded dynamically (C:\Users\Yousef Taher\.m2\repository\net\bytebuddy\byte-buddy-agent\1.14.12\byte-buddy-agent-1.14.12.jar)
WARNING: If a serviceability tool is in use, please run with -XX:+EnableDynamicAgentLoading to hide this warning
WARNING: If a serviceability tool is not in use, please run with -Djdk.instrument.traceUsage for more information
WARNING: Dynamic loading of agents will be disallowed by default in a future release
]]></system-err>
  </testcase>
</testsuite>